{
  "RSpec": {
    "coverage": {
      "/Users/kevinmcalear/dev/redit/app/helpers/application_helper.rb": [
        1,
        null
      ],
      "/Users/kevinmcalear/dev/redit/app/models/user.rb": [
        1,
        1,
        null,
        1,
        null
      ],
      "/Users/kevinmcalear/dev/redit/app/controllers/welcome_controller.rb": [
        1,
        null,
        1,
        3,
        null,
        null
      ],
      "/Users/kevinmcalear/dev/redit/app/controllers/application_controller.rb": [
        1,
        null,
        null,
        1,
        null
      ],
      "/Users/kevinmcalear/dev/redit/app/controllers/session_controller.rb": [
        1,
        1,
        null,
        null,
        1,
        1,
        1,
        null,
        null,
        1,
        null,
        null,
        1,
        null,
        null,
        null,
        0,
        0,
        null,
        null,
        null,
        1,
        1,
        1,
        null,
        null
      ]
    },
    "timestamp": 1393625943
  }
}
